[07/01/2022 22:59:13]:           __             _       
[07/01/2022 22:59:13]:   _ __   / /  ___   __ _(_)_ __  
[07/01/2022 22:59:13]:  | '_ \ / /  / _ \ / _` | | '_ \ 
[07/01/2022 22:59:13]:  | | | / /__| (_) | (_| | | | | |
[07/01/2022 22:59:13]:  |_| |_\____/\___/ \__, |_|_| |_|
[07/01/2022 22:59:13]:                   |___/            
[07/01/2022 22:59:13]:  By: www.nickuc.com - V 10.0.22 DEVELOPMENT
[07/01/2022 22:59:13]: 
[07/01/2022 22:59:13]: §3[nLogin] [DEBUG] Detecting hardware and software configurations...
[07/01/2022 22:59:13]: §3[nLogin] [DEBUG] All settings were loaded in 69 ms.
[07/01/2022 22:59:13]: §3[nLogin] [DEBUG] Loading the messages_br.yml message file...
[07/01/2022 22:59:13]: §3[nLogin] [DEBUG] Loading the messages_en.yml message file...
[07/01/2022 22:59:13]: §3[nLogin] [DEBUG] Loading the messages_es.yml message file...
[07/01/2022 22:59:13]: §3[nLogin] [DEBUG] Loading the messages_pl.yml message file...
[07/01/2022 22:59:13]: §3[nLogin] [DEBUG] Loading the messages_ru.yml message file...
[07/01/2022 22:59:13]: §3[nLogin] [DEBUG] Loading the messages_fr.yml message file...
[07/01/2022 22:59:13]: §3[nLogin] [DEBUG] Loading the messages_lt.yml message file...
[07/01/2022 22:59:13]: §3[nLogin] [DEBUG] Loading the messages_de.yml message file...
[07/01/2022 22:59:13]: §3[nLogin] [DEBUG] Loading the messages_tr.yml message file...
[07/01/2022 22:59:13]: §3[nLogin] [DEBUG] Loading the messages_hu.yml message file...
[07/01/2022 22:59:13]: §3[nLogin] [DEBUG] Loading the messages_cn.yml message file...
[07/01/2022 22:59:13]: §3[nLogin] [DEBUG] Loading the messages_cz.yml message file...
[07/01/2022 22:59:13]: §3[nLogin] [DEBUG] Loading the messages_ro.yml message file...
[07/01/2022 22:59:13]: §3[nLogin] [DEBUG] All plugin messages were loaded in 93 ms (languageByClient=true).
[07/01/2022 22:59:13]: §3[nLogin] [DEBUG] All proxy settings were loaded in 0 ms.
[07/01/2022 22:59:13]: §3[nLogin] [DEBUG] Starting logger filter...
[07/01/2022 22:59:13]: §3[nLogin] [DEBUG] Loading database...
[07/01/2022 22:59:13]: [nLogin] nLogin was loaded in 711ms.
[07/01/2022 22:59:33]: [nLogin] Successful plugin core shutdown. Took 0ms
[07/01/2022 22:59:33]: [nLogin] 
[07/01/2022 22:59:33]: [nLogin] Shutting down nLogin V 10.0.22...
[07/01/2022 22:59:33]: [nLogin] 
[07/01/2022 22:59:33]: [nLogin] nLogin was unloaded in 2ms.
