[20:56:44] [ServerMain/INFO]: Building unoptimized datafixer
[20:56:46] [ServerMain/INFO]: Environment: authHost='https://authserver.mojang.com', accountsHost='https://api.mojang.com', sessionHost='https://sessionserver.mojang.com', servicesHost='https://api.minecraftservices.com', name='PROD'
[20:56:46] [ServerMain/WARN]: Couldn't get pack info for: net.minecraft.server.packs.ResourceNotFoundException: 'pack.mcmeta' in ResourcePack '.\Bulca\datapacks\Paints_Dynamic_Lighting_v1.1_for_1.19.zip'
[20:56:53] [ServerMain/INFO]: Loaded 7 recipes
[20:56:55] [Server thread/INFO]: Starting minecraft server version 1.19
[20:56:55] [Server thread/INFO]: Loading properties
[20:56:55] [Server thread/INFO]: This server is running Paper version git-Paper-32 (MC: 1.19) (Implementing API version 1.19-R0.1-SNAPSHOT) (Git: 4c9317c)
[20:56:55] [Server thread/INFO]: Server Ping Player Sample Count: 12
[20:56:55] [Server thread/INFO]: Using 4 threads for Netty based IO
[20:56:56] [Server thread/INFO]: Default game type: SURVIVAL
[20:56:56] [Server thread/INFO]: Generating keypair
[20:56:56] [Server thread/INFO]: Starting Minecraft server on *:25565
[20:56:56] [Server thread/INFO]: Using default channel type
[20:56:56] [Server thread/INFO]: Paper: Using Java 11 compression from Velocity.
[20:56:56] [Server thread/INFO]: Paper: Using Java cipher from Velocity.
[20:56:57] [Server thread/INFO]: [WorldEdit] Loading WorldEdit v7.2.11-beta-01+6200-0877589
[20:56:58] [Server thread/INFO]: Got request to register class com.sk89q.worldedit.bukkit.BukkitServerInterface with WorldEdit [com.sk89q.worldedit.extension.platform.PlatformManager@6f1e1c8b]
[20:56:58] [Server thread/INFO]: [GSit] Loading GSit v1.1.0
[20:56:58] [Server thread/INFO]: [Chunky] Loading Chunky v1.2.217
[20:56:58] [Server thread/INFO]: [PlasmoVoice] Loading PlasmoVoice v1.0.10
[20:56:58] [Server thread/INFO]: [ProtocolLib] Loading ProtocolLib v5.0.0-SNAPSHOT-b573
[20:56:59] [Server thread/INFO]: [CoreProtect] Loading CoreProtect v21.2
[20:56:59] [Server thread/INFO]: [nLogin] Loading nLogin v10.0.22
[20:56:59] [Server thread/INFO]: [nLogin] Connecting to the remote server api.nickuc.com...
[20:56:59] [Server thread/INFO]: [SkinsRestorer] Loading SkinsRestorer v14.2.1
[20:56:59] [Server thread/INFO]: Server permissions file permissions.yml is empty, ignoring it
[20:56:59] [Server thread/INFO]: [WorldEdit] Enabling WorldEdit v7.2.11-beta-01+6200-0877589
[20:56:59] [Server thread/INFO]: Registering commands with com.sk89q.worldedit.bukkit.BukkitServerInterface
[20:57:00] [Server thread/INFO]: WEPIF: Using the Bukkit Permissions API.
[20:57:00] [Server thread/INFO]: Using com.sk89q.worldedit.bukkit.adapter.impl.v1_19_R1.PaperweightAdapter as the Bukkit adapter
[20:57:01] [Server thread/INFO]: [ProtocolLib] Enabling ProtocolLib v5.0.0-SNAPSHOT-b573
[20:57:01] [Server thread/INFO]: [ProtocolLib] Started structure compiler thread.
[20:57:01] [Server thread/INFO]: [nLogin] Enabling nLogin v10.0.22
[20:57:02] [Server thread/INFO]: [nLogin] Successful plugin core start. Took 372ms
[20:57:02] [Server thread/INFO]:           __             _       
[20:57:02] [Server thread/INFO]:   _ __   / /  ___   __ _(_)_ __  
[20:57:02] [Server thread/INFO]:  | '_ \ / /  / _ \ / _` | | '_ \ 
[20:57:02] [Server thread/INFO]:  | | | / /__| (_) | (_| | | | | |
[20:57:02] [Server thread/INFO]:  |_| |_\____/\___/ \__, |_|_| |_|
[20:57:02] [Server thread/INFO]:                   |___/            
[20:57:02] [Server thread/INFO]:  By: www.nickuc.com - V 10.0.22 DEVELOPMENT
[20:57:02] [Server thread/INFO]: 
[20:57:03] [Server thread/INFO]: [nLogin] nLogin was loaded in 1068ms.
[20:57:03] [Server thread/WARN]: **** SERVER IS RUNNING IN OFFLINE/INSECURE MODE!
[20:57:03] [Server thread/WARN]: The server will make no attempt to authenticate usernames. Beware.
[20:57:03] [Server thread/WARN]: While this makes the game possible to play without internet access, it also opens up the ability for hackers to connect with any username they choose.
[20:57:03] [Server thread/WARN]: To change this, set "online-mode" to "true" in the server.properties file.
[20:57:03] [Server thread/INFO]: Preparing level "Bulca"
[20:57:04] [Server thread/INFO]: Preparing start region for dimension minecraft:overworld
[20:57:04] [Server thread/INFO]: Time elapsed: 300 ms
[20:57:04] [Server thread/INFO]: [GSit] Enabling GSit v1.1.0
[20:57:04] [Server thread/INFO]: [GSit] The Plugin was successfully enabled.
[20:57:05] [Server thread/INFO]: [Chunky] Enabling Chunky v1.2.217
[20:57:05] [Server thread/INFO]: [PlasmoVoice] Enabling PlasmoVoice v1.0.10
[20:57:05] [Thread-11/INFO]: [PlasmoVoice] Voice UDP server started on /0.0.0.0:25565
[20:57:05] [Server thread/INFO]: [CoreProtect] Enabling CoreProtect v21.2
[20:57:05] [Server thread/WARN]: java.lang.NumberFormatException: For input string: "0162000877589"
[20:57:05] [Server thread/WARN]: 	at java.base/java.lang.NumberFormatException.forInputString(NumberFormatException.java:67)
[20:57:05] [Server thread/WARN]: 	at java.base/java.lang.Integer.parseInt(Integer.java:668)
[20:57:05] [Server thread/WARN]: 	at java.base/java.lang.Integer.parseInt(Integer.java:786)
[20:57:05] [Server thread/WARN]: 	at CoreProtect-21.2.jar//net.coreprotect.utility.Util.loadWorldEdit(Util.java:1022)
[20:57:05] [Server thread/WARN]: 	at CoreProtect-21.2.jar//net.coreprotect.config.ConfigHandler.performInitialization(ConfigHandler.java:432)
[20:57:05] [Server thread/WARN]: 	at CoreProtect-21.2.jar//net.coreprotect.CoreProtect.onEnable(CoreProtect.java:75)
[20:57:05] [Server thread/WARN]: 	at org.bukkit.plugin.java.JavaPlugin.setEnabled(JavaPlugin.java:264)
[20:57:05] [Server thread/WARN]: 	at org.bukkit.plugin.java.JavaPluginLoader.enablePlugin(JavaPluginLoader.java:370)
[20:57:05] [Server thread/WARN]: 	at org.bukkit.plugin.SimplePluginManager.enablePlugin(SimplePluginManager.java:536)
[20:57:05] [Server thread/WARN]: 	at org.bukkit.craftbukkit.v1_19_R1.CraftServer.enablePlugin(CraftServer.java:561)
[20:57:05] [Server thread/WARN]: 	at org.bukkit.craftbukkit.v1_19_R1.CraftServer.enablePlugins(CraftServer.java:475)
[20:57:05] [Server thread/WARN]: 	at net.minecraft.server.MinecraftServer.loadWorld0(MinecraftServer.java:633)
[20:57:05] [Server thread/WARN]: 	at net.minecraft.server.MinecraftServer.loadLevel(MinecraftServer.java:419)
[20:57:05] [Server thread/WARN]: 	at net.minecraft.server.dedicated.DedicatedServer.e(DedicatedServer.java:306)
[20:57:05] [Server thread/WARN]: 	at net.minecraft.server.MinecraftServer.v(MinecraftServer.java:1121)
[20:57:05] [Server thread/WARN]: 	at net.minecraft.server.MinecraftServer.lambda$spin$0(MinecraftServer.java:302)
[20:57:05] [Server thread/WARN]: 	at java.base/java.lang.Thread.run(Thread.java:833)
[20:57:05] [Server thread/INFO]: [CoreProtect] CoreProtect has been successfully enabled! 
[20:57:05] [Server thread/INFO]: [CoreProtect] Using SQLite for data storage.
[20:57:05] [Server thread/INFO]: --------------------
[20:57:05] [Server thread/INFO]: [CoreProtect] Enjoy CoreProtect? Join our Discord!
[20:57:05] [Server thread/INFO]: [CoreProtect] Discord: www.coreprotect.net/discord/
[20:57:05] [Server thread/INFO]: --------------------
[20:57:05] [Server thread/INFO]: [SkinsRestorer] Enabling SkinsRestorer v14.2.1
[20:57:05] [Server thread/INFO]: [33;1m[[32;22mSkinsRestorer[33;1m] [0;39m[32;1mDetected Minecraft [33;1mv1_19_R1[32;1m, using [33;1mPaperSkinRefresher[32;1m.[0;39m
[20:57:05] [Server thread/INFO]: [SkinsRestorer] [ACF] Enabled Asynchronous Tab Completion Support!
[20:57:05] [Server thread/INFO]: Running delayed init tasks
[20:57:05] [Server thread/INFO]: Done (10.595s)! For help, type "help"
[20:57:05] [Server thread/INFO]: Timings Reset
[20:57:06] [Craft Scheduler Thread - 2 - SkinsRestorer/INFO]: [33;1m[[32;22mSkinsRestorer[33;1m] [0;39m[32;1m----------------------------------------------[0;39m
[20:57:06] [Craft Scheduler Thread - 2 - SkinsRestorer/INFO]: [33;1m[[32;22mSkinsRestorer[33;1m] [0;39m[32;1m    +==================+[0;39m
[20:57:06] [Craft Scheduler Thread - 2 - SkinsRestorer/INFO]: [33;1m[[32;22mSkinsRestorer[33;1m] [0;39m[32;1m    |   SkinsRestorer  |[0;39m
[20:57:06] [Craft Scheduler Thread - 2 - SkinsRestorer/INFO]: [33;1m[[32;22mSkinsRestorer[33;1m] [0;39m[32;1m    |------------------|[0;39m
[20:57:06] [Craft Scheduler Thread - 2 - SkinsRestorer/INFO]: [33;1m[[32;22mSkinsRestorer[33;1m] [0;39m[32;1m    |  [34;1m[4m[21mStandalone Mode[32;1m |[0;39m
[20:57:06] [Craft Scheduler Thread - 2 - SkinsRestorer/INFO]: [33;1m[[32;22mSkinsRestorer[33;1m] [0;39m[32;1m    +==================+[0;39m
[20:57:06] [Craft Scheduler Thread - 2 - SkinsRestorer/INFO]: [33;1m[[32;22mSkinsRestorer[33;1m] [0;39m[32;1m----------------------------------------------[0;39m
[20:57:06] [Craft Scheduler Thread - 2 - SkinsRestorer/INFO]: [33;1m[[32;22mSkinsRestorer[33;1m] [0;39m[36;1m    Current version: [32;1m14.2.1[0;39m
[20:57:06] [Craft Scheduler Thread - 2 - SkinsRestorer/INFO]: [33;1m[[32;22mSkinsRestorer[33;1m] [0;39m[32;1m    This is the latest version![0;39m
[20:57:06] [Craft Scheduler Thread - 2 - SkinsRestorer/INFO]: [33;1m[[32;22mSkinsRestorer[33;1m] [0;39m[32;1m----------------------------------------------[0;39m
[20:57:07] [Server thread/WARN]: UUID of added entity already exists: EntityArmorStand['Armor Stand'/222, uuid='a093751a-2c77-4658-9d5f-62ab4494bdaf', l='ServerLevel[Bulca]', x=16562064.50, y=1000.00, z=-22242911.50, cpos=[1035129, -1390182], tl=29776, v=false]
[20:57:07] [Server thread/WARN]: UUID of added entity already exists: EntityArmorStand['Armor Stand'/223, uuid='291dfbec-2b7b-4c2b-9899-f665ea53af5d', l='ServerLevel[Bulca]', x=22068880.50, y=1000.00, z=-4185487.50, cpos=[1379305, -261593], tl=29775, v=false]
[20:57:14] [User Authenticator #1/INFO]: UUID of player M3SL0W is 39fd9823-91c5-3f47-adc9-8ec04e5d487e
[20:57:14] [Server thread/INFO]: M3SL0W[/192.168.0.101:54820] logged in with entity id 224 at ([Bulca]1554.827109345847, 80.0, 143.69999998807907)
[20:57:23] [Craft Scheduler Thread - 2 - nLogin/INFO]: [nLogin] The user M3SL0W has successfully logged in.
[21:27:45] [Server thread/INFO]: Stopping the server
[21:27:45] [Server thread/INFO]: Stopping server
[21:27:45] [Server thread/INFO]: [SkinsRestorer] Disabling SkinsRestorer v14.2.1
[21:27:45] [Server thread/INFO]: [nLogin] Disabling nLogin v10.0.22
[21:27:45] [Server thread/INFO]: [nLogin] Successful plugin core shutdown. Took 3ms
[21:27:45] [Server thread/INFO]: [nLogin] 
[21:27:45] [Server thread/INFO]: [nLogin] Shutting down nLogin V 10.0.22...
[21:27:45] [Server thread/INFO]: [nLogin] 
[21:27:45] [Server thread/INFO]: [nLogin] nLogin was unloaded in 14ms.
[21:27:45] [Server thread/INFO]: [CoreProtect] Disabling CoreProtect v21.2
[21:27:45] [Server thread/INFO]: [CoreProtect] Finishing up data logging. Please wait...
[21:27:46] [Server thread/INFO]: [CoreProtect] Success! Disabled CoreProtect v21.2
[21:27:46] [Server thread/INFO]: [ProtocolLib] Disabling ProtocolLib v5.0.0-SNAPSHOT-b573
[21:27:46] [Server thread/INFO]: [PlasmoVoice] Disabling PlasmoVoice v1.0.10
[21:27:46] [Server thread/INFO]: [Chunky] Disabling Chunky v1.2.217
[21:27:46] [Server thread/INFO]: [GSit] Disabling GSit v1.1.0
[21:27:46] [Server thread/INFO]: [GSit] The Plugin was successfully disabled.
[21:27:46] [Server thread/INFO]: [WorldEdit] Disabling WorldEdit v7.2.11-beta-01+6200-0877589
[21:27:46] [Server thread/INFO]: Unregistering com.sk89q.worldedit.bukkit.BukkitServerInterface from WorldEdit
[21:27:46] [Server thread/INFO]: Saving players
[21:27:46] [Server thread/INFO]: M3SL0W lost connection: Сервер закрыт
[21:27:46] [Server thread/INFO]: M3SL0W left the game
[21:27:46] [Server thread/INFO]: Saving worlds
[21:27:46] [Server thread/INFO]: Saving chunks for level 'ServerLevel[Bulca]'/minecraft:overworld
